[2015-09-09 17:23:56:056 [main] DEBUG org.rribbit.creation.SpringBeanClassBasedListenerObjectCreator.onApplicationEvent(SpringBeanClassBasedListenerObjectCreator.java:155)] Clearing existing ListenerObjects
[2015-09-09 17:23:56:056 [main] DEBUG org.rribbit.creation.SpringBeanClassBasedListenerObjectCreator.onApplicationEvent(SpringBeanClassBasedListenerObjectCreator.java:158)] Adding original classes
[2015-09-09 17:23:56:056 [main] DEBUG org.rribbit.creation.SpringBeanClassBasedListenerObjectCreator.onApplicationEvent(SpringBeanClassBasedListenerObjectCreator.java:163)] Adding original classes to be excluded
[2015-09-09 17:23:56:056 [main] DEBUG org.rribbit.creation.SpringBeanClassBasedListenerObjectCreator.onApplicationEvent(SpringBeanClassBasedListenerObjectCreator.java:168)] Adding original packages
[2015-09-09 17:23:56:056 [main] DEBUG org.rribbit.creation.AbstractClassBasedListenerObjectCreator.addPackage(AbstractClassBasedListenerObjectCreator.java:129)] Scanning package 'com.lxz.rribbit' for classes
[2015-09-09 17:23:56:056 [main] DEBUG org.rribbit.creation.AbstractClassBasedListenerObjectCreator.getClasses(AbstractClassBasedListenerObjectCreator.java:169)] Processing resource 'file:/Users/xiaolezheng/lxz/git/lxz-ceshi/target/classes/com/lxz/rribbit' with filename '/Users/xiaolezheng/lxz/git/lxz-ceshi/target/classes/com/lxz/rribbit'
[2015-09-09 17:23:56:056 [main] DEBUG org.rribbit.creation.AbstractClassBasedListenerObjectCreator.findClassesInDirectory(AbstractClassBasedListenerObjectCreator.java:227)] Scanning directory '/Users/xiaolezheng/lxz/git/lxz-ceshi/target/classes/com/lxz/rribbit' for classes in package 'com.lxz.rribbit'
[2015-09-09 17:23:56:056 [main] DEBUG org.rribbit.creation.AbstractClassBasedListenerObjectCreator.addClass(AbstractClassBasedListenerObjectCreator.java:108)] Processing class 'com.lxz.rribbit.HelloWorld'
[2015-09-09 17:23:56:056 [main] DEBUG org.rribbit.creation.SpringBeanClassBasedListenerObjectCreator.getTargetObjectForClass(SpringBeanClassBasedListenerObjectCreator.java:127)] Attempting to get bean of class 'com.lxz.rribbit.HelloWorld'
[2015-09-09 17:23:56:056 [main] DEBUG org.rribbit.creation.SpringBeanClassBasedListenerObjectCreator.getTargetObjectForClass(SpringBeanClassBasedListenerObjectCreator.java:130)] No suitable bean found, returning null
[2015-09-09 17:23:56:056 [main] DEBUG org.rribbit.creation.AbstractClassBasedListenerObjectCreator.addClass(AbstractClassBasedListenerObjectCreator.java:108)] Processing class 'com.lxz.rribbit.Payment'
[2015-09-09 17:23:56:056 [main] DEBUG org.rribbit.creation.SpringBeanClassBasedListenerObjectCreator.getTargetObjectForClass(SpringBeanClassBasedListenerObjectCreator.java:127)] Attempting to get bean of class 'com.lxz.rribbit.Payment'
[2015-09-09 17:23:56:056 [main] DEBUG org.rribbit.creation.SpringBeanClassBasedListenerObjectCreator.getTargetObjectForClass(SpringBeanClassBasedListenerObjectCreator.java:130)] No suitable bean found, returning null
[2015-09-09 17:23:56:056 [main] DEBUG org.rribbit.creation.AbstractClassBasedListenerObjectCreator.addClass(AbstractClassBasedListenerObjectCreator.java:108)] Processing class 'com.lxz.rribbit.PaymentService'
[2015-09-09 17:23:56:056 [main] DEBUG org.rribbit.creation.SpringBeanClassBasedListenerObjectCreator.getTargetObjectForClass(SpringBeanClassBasedListenerObjectCreator.java:127)] Attempting to get bean of class 'com.lxz.rribbit.PaymentService'
[2015-09-09 17:23:56:056 [main] DEBUG org.rribbit.creation.AbstractClassBasedListenerObjectCreator.addClass(AbstractClassBasedListenerObjectCreator.java:111)] Found target object for class 'com.lxz.rribbit.PaymentService', getting Listener methods
[2015-09-09 17:23:56:056 [main] DEBUG org.rribbit.creation.ObjectBasedListenerObjectCreator.getIncompleteListenerObjectsFromClass(ObjectBasedListenerObjectCreator.java:98)] Listener annotation found for method 'public abstract com.lxz.rribbit.Payment com.lxz.rribbit.PaymentService.createPayment(com.lxz.rribbit.Payment)', instantiating ListenerObject
[2015-09-09 17:23:56:056 [main] DEBUG org.rribbit.retrieval.CachedListenerObjectRetriever.onClassAdded(CachedListenerObjectRetriever.java:84)] Class was added by ListenerObjectCreator, clearing cache...
[2015-09-09 17:23:56:056 [main] DEBUG org.rribbit.creation.AbstractClassBasedListenerObjectCreator.addClass(AbstractClassBasedListenerObjectCreator.java:108)] Processing class 'com.lxz.rribbit.PaymentServiceImpl'
[2015-09-09 17:23:56:056 [main] DEBUG org.rribbit.creation.SpringBeanClassBasedListenerObjectCreator.getTargetObjectForClass(SpringBeanClassBasedListenerObjectCreator.java:127)] Attempting to get bean of class 'com.lxz.rribbit.PaymentServiceImpl'
[2015-09-09 17:23:56:056 [main] DEBUG org.rribbit.creation.AbstractClassBasedListenerObjectCreator.addClass(AbstractClassBasedListenerObjectCreator.java:111)] Found target object for class 'com.lxz.rribbit.PaymentServiceImpl', getting Listener methods
[2015-09-09 17:23:56:056 [main] DEBUG org.rribbit.retrieval.CachedListenerObjectRetriever.onClassAdded(CachedListenerObjectRetriever.java:84)] Class was added by ListenerObjectCreator, clearing cache...
[2015-09-09 17:23:56:056 [main] DEBUG org.rribbit.creation.AbstractClassBasedListenerObjectCreator.addClass(AbstractClassBasedListenerObjectCreator.java:108)] Processing class 'com.lxz.rribbit.TestRbit'
[2015-09-09 17:23:56:056 [main] DEBUG org.rribbit.creation.SpringBeanClassBasedListenerObjectCreator.getTargetObjectForClass(SpringBeanClassBasedListenerObjectCreator.java:127)] Attempting to get bean of class 'com.lxz.rribbit.TestRbit'
[2015-09-09 17:23:56:056 [main] DEBUG org.rribbit.creation.SpringBeanClassBasedListenerObjectCreator.getTargetObjectForClass(SpringBeanClassBasedListenerObjectCreator.java:130)] No suitable bean found, returning null
[2015-09-09 17:24:32:032 [main] DEBUG org.rribbit.creation.SpringBeanClassBasedListenerObjectCreator.onApplicationEvent(SpringBeanClassBasedListenerObjectCreator.java:155)] Clearing existing ListenerObjects
[2015-09-09 17:24:32:032 [main] DEBUG org.rribbit.creation.SpringBeanClassBasedListenerObjectCreator.onApplicationEvent(SpringBeanClassBasedListenerObjectCreator.java:158)] Adding original classes
[2015-09-09 17:24:32:032 [main] DEBUG org.rribbit.creation.SpringBeanClassBasedListenerObjectCreator.onApplicationEvent(SpringBeanClassBasedListenerObjectCreator.java:163)] Adding original classes to be excluded
[2015-09-09 17:24:32:032 [main] DEBUG org.rribbit.creation.SpringBeanClassBasedListenerObjectCreator.onApplicationEvent(SpringBeanClassBasedListenerObjectCreator.java:168)] Adding original packages
[2015-09-09 17:24:32:032 [main] DEBUG org.rribbit.creation.AbstractClassBasedListenerObjectCreator.addPackage(AbstractClassBasedListenerObjectCreator.java:129)] Scanning package 'com.lxz.rribbit' for classes
[2015-09-09 17:24:32:032 [main] DEBUG org.rribbit.creation.AbstractClassBasedListenerObjectCreator.getClasses(AbstractClassBasedListenerObjectCreator.java:169)] Processing resource 'file:/Users/xiaolezheng/lxz/git/lxz-ceshi/target/classes/com/lxz/rribbit' with filename '/Users/xiaolezheng/lxz/git/lxz-ceshi/target/classes/com/lxz/rribbit'
[2015-09-09 17:24:32:032 [main] DEBUG org.rribbit.creation.AbstractClassBasedListenerObjectCreator.findClassesInDirectory(AbstractClassBasedListenerObjectCreator.java:227)] Scanning directory '/Users/xiaolezheng/lxz/git/lxz-ceshi/target/classes/com/lxz/rribbit' for classes in package 'com.lxz.rribbit'
[2015-09-09 17:24:32:032 [main] DEBUG org.rribbit.creation.AbstractClassBasedListenerObjectCreator.addClass(AbstractClassBasedListenerObjectCreator.java:108)] Processing class 'com.lxz.rribbit.HelloWorld'
[2015-09-09 17:24:32:032 [main] DEBUG org.rribbit.creation.SpringBeanClassBasedListenerObjectCreator.getTargetObjectForClass(SpringBeanClassBasedListenerObjectCreator.java:127)] Attempting to get bean of class 'com.lxz.rribbit.HelloWorld'
[2015-09-09 17:24:32:032 [main] DEBUG org.rribbit.creation.SpringBeanClassBasedListenerObjectCreator.getTargetObjectForClass(SpringBeanClassBasedListenerObjectCreator.java:130)] No suitable bean found, returning null
[2015-09-09 17:24:32:032 [main] DEBUG org.rribbit.creation.AbstractClassBasedListenerObjectCreator.addClass(AbstractClassBasedListenerObjectCreator.java:108)] Processing class 'com.lxz.rribbit.Payment'
[2015-09-09 17:24:32:032 [main] DEBUG org.rribbit.creation.SpringBeanClassBasedListenerObjectCreator.getTargetObjectForClass(SpringBeanClassBasedListenerObjectCreator.java:127)] Attempting to get bean of class 'com.lxz.rribbit.Payment'
[2015-09-09 17:24:32:032 [main] DEBUG org.rribbit.creation.SpringBeanClassBasedListenerObjectCreator.getTargetObjectForClass(SpringBeanClassBasedListenerObjectCreator.java:130)] No suitable bean found, returning null
[2015-09-09 17:24:32:032 [main] DEBUG org.rribbit.creation.AbstractClassBasedListenerObjectCreator.addClass(AbstractClassBasedListenerObjectCreator.java:108)] Processing class 'com.lxz.rribbit.PaymentService'
[2015-09-09 17:24:32:032 [main] DEBUG org.rribbit.creation.SpringBeanClassBasedListenerObjectCreator.getTargetObjectForClass(SpringBeanClassBasedListenerObjectCreator.java:127)] Attempting to get bean of class 'com.lxz.rribbit.PaymentService'
[2015-09-09 17:24:32:032 [main] DEBUG org.rribbit.creation.AbstractClassBasedListenerObjectCreator.addClass(AbstractClassBasedListenerObjectCreator.java:111)] Found target object for class 'com.lxz.rribbit.PaymentService', getting Listener methods
[2015-09-09 17:24:32:032 [main] DEBUG org.rribbit.creation.ObjectBasedListenerObjectCreator.getIncompleteListenerObjectsFromClass(ObjectBasedListenerObjectCreator.java:98)] Listener annotation found for method 'public abstract com.lxz.rribbit.Payment com.lxz.rribbit.PaymentService.createPayment(com.lxz.rribbit.Payment)', instantiating ListenerObject
[2015-09-09 17:24:32:032 [main] DEBUG org.rribbit.retrieval.CachedListenerObjectRetriever.onClassAdded(CachedListenerObjectRetriever.java:84)] Class was added by ListenerObjectCreator, clearing cache...
[2015-09-09 17:24:32:032 [main] DEBUG org.rribbit.creation.AbstractClassBasedListenerObjectCreator.addClass(AbstractClassBasedListenerObjectCreator.java:108)] Processing class 'com.lxz.rribbit.PaymentServiceImpl'
[2015-09-09 17:24:32:032 [main] DEBUG org.rribbit.creation.SpringBeanClassBasedListenerObjectCreator.getTargetObjectForClass(SpringBeanClassBasedListenerObjectCreator.java:127)] Attempting to get bean of class 'com.lxz.rribbit.PaymentServiceImpl'
[2015-09-09 17:24:32:032 [main] DEBUG org.rribbit.creation.AbstractClassBasedListenerObjectCreator.addClass(AbstractClassBasedListenerObjectCreator.java:111)] Found target object for class 'com.lxz.rribbit.PaymentServiceImpl', getting Listener methods
[2015-09-09 17:24:32:032 [main] DEBUG org.rribbit.retrieval.CachedListenerObjectRetriever.onClassAdded(CachedListenerObjectRetriever.java:84)] Class was added by ListenerObjectCreator, clearing cache...
[2015-09-09 17:24:32:032 [main] DEBUG org.rribbit.creation.AbstractClassBasedListenerObjectCreator.addClass(AbstractClassBasedListenerObjectCreator.java:108)] Processing class 'com.lxz.rribbit.TestRbit'
[2015-09-09 17:24:32:032 [main] DEBUG org.rribbit.creation.SpringBeanClassBasedListenerObjectCreator.getTargetObjectForClass(SpringBeanClassBasedListenerObjectCreator.java:127)] Attempting to get bean of class 'com.lxz.rribbit.TestRbit'
[2015-09-09 17:24:32:032 [main] DEBUG org.rribbit.creation.SpringBeanClassBasedListenerObjectCreator.getTargetObjectForClass(SpringBeanClassBasedListenerObjectCreator.java:130)] No suitable bean found, returning null
